


ARM Macro Assembler    Page 1 


    1 00000000         ;/******************************************************
                       ********************//**
    2 00000000         ; * @file     startup_M051Series.s
    3 00000000         ; * @version  V2.00
    4 00000000         ; * $Revision: 2 $
    5 00000000         ; * $Date: 4/09/12 2:22p $ 
    6 00000000         ; * @brief    M051 Series Startup Source File
    7 00000000         ; *
    8 00000000         ; * @note
    9 00000000         ; * Copyright (C) 2011 Nuvoton Technology Corp. All righ
                       ts reserved.
   10 00000000         ; *
   11 00000000         ; ******************************************************
                       ************************/
   12 00000000         
   13 00000000         
   14 00000000         ;;;;;;;;;;;;;;;;;;;;;;;;;;;;;;;;;;;;;;;;;;;;;;;;;;;
   15 00000000         
   16 00000000                 GBLL             SEMIHOSTED
   17 00000000 TRUE     
                       SEMIHOSTED
                               SETL             {TRUE}
   18 00000000         
   19 00000000         
   20 00000000         ;;;;;;;;;;;;;;;;;;;;;;;;;;;;;;;;;;;;;;;;;;;;;;;;;;;
   21 00000000         
   22 00000000         
   23 00000000         
   24 00000000 00000200 
                       Stack_Size
                               EQU              0x00000200
   25 00000000         
   26 00000000                 AREA             STACK, NOINIT, READWRITE, ALIGN
=3
   27 00000000         Stack_Mem
                               SPACE            Stack_Size
   28 00000200         __initial_sp
   29 00000200         
   30 00000200         
   31 00000200         ; <h> Heap Configuration
   32 00000200         ;   <o>  Heap Size (in Bytes) <0x0-0xFFFFFFFF:8>
   33 00000200         ; </h>
   34 00000200         
   35 00000200 00000000 
                       Heap_Size
                               EQU              0x00000000
   36 00000200         
   37 00000200                 AREA             HEAP, NOINIT, READWRITE, ALIGN=
3
   38 00000000         __heap_base
   39 00000000         Heap_Mem
                               SPACE            Heap_Size
   40 00000000         __heap_limit
   41 00000000         
   42 00000000         
   43 00000000                 PRESERVE8
   44 00000000                 THUMB
   45 00000000         
   46 00000000         



ARM Macro Assembler    Page 2 


   47 00000000         ; Vector Table Mapped to Address 0 at Reset
   48 00000000                 AREA             RESET, DATA, READONLY
   49 00000000                 EXPORT           __Vectors
   50 00000000         
   51 00000000 00000000 
                       __Vectors
                               DCD              __initial_sp ; Top of Stack
   52 00000004 00000000        DCD              Reset_Handler ; Reset Handler
   53 00000008 00000000        DCD              NMI_Handler ; NMI Handler
   54 0000000C 00000000        DCD              HardFault_Handler ; Hard Fault 
                                                            Handler
   55 00000010 00000000        DCD              0           ; Reserved
   56 00000014 00000000        DCD              0           ; Reserved
   57 00000018 00000000        DCD              0           ; Reserved
   58 0000001C 00000000        DCD              0           ; Reserved
   59 00000020 00000000        DCD              0           ; Reserved
   60 00000024 00000000        DCD              0           ; Reserved
   61 00000028 00000000        DCD              0           ; Reserved
   62 0000002C 00000000        DCD              SVC_Handler ; SVCall Handler
   63 00000030 00000000        DCD              0           ; Reserved
   64 00000034 00000000        DCD              0           ; Reserved
   65 00000038 00000000        DCD              PendSV_Handler ; PendSV Handler
                                                            
   66 0000003C 00000000        DCD              SysTick_Handler 
                                                            ; SysTick Handler
   67 00000040         
   68 00000040         ; External Interrupts
   69 00000040         ; maximum of 32 External Interrupts are possible
   70 00000040 00000000        DCD              BOD_IRQHandler
   71 00000044 00000000        DCD              WDT_IRQHandler
   72 00000048 00000000        DCD              EINT0_IRQHandler
   73 0000004C 00000000        DCD              EINT1_IRQHandler
   74 00000050 00000000        DCD              GPIOP0P1_IRQHandler
   75 00000054 00000000        DCD              GPIOP2P3P4_IRQHandler
   76 00000058 00000000        DCD              PWMA_IRQHandler
   77 0000005C 00000000        DCD              PWMB_IRQHandler
   78 00000060 00000000        DCD              TMR0_IRQHandler
   79 00000064 00000000        DCD              TMR1_IRQHandler
   80 00000068 00000000        DCD              TMR2_IRQHandler
   81 0000006C 00000000        DCD              TMR3_IRQHandler
   82 00000070 00000000        DCD              UART0_IRQHandler
   83 00000074 00000000        DCD              UART1_IRQHandler
   84 00000078 00000000        DCD              SPI0_IRQHandler
   85 0000007C 00000000        DCD              SPI1_IRQHandler
   86 00000080 00000000        DCD              Default_Handler
   87 00000084 00000000        DCD              Default_Handler
   88 00000088 00000000        DCD              I2C0_IRQHandler
   89 0000008C 00000000        DCD              I2C1_IRQHandler
   90 00000090 00000000        DCD              Default_Handler
   91 00000094 00000000        DCD              Default_Handler
   92 00000098 00000000        DCD              Default_Handler
   93 0000009C 00000000        DCD              Default_Handler
   94 000000A0 00000000        DCD              Default_Handler
   95 000000A4 00000000        DCD              ACMP0_IRQHandler
   96 000000A8 00000000        DCD              ACMP1_IRQHandler
   97 000000AC 00000000        DCD              Default_Handler
   98 000000B0 00000000        DCD              PWRWU_IRQHandler
   99 000000B4 00000000        DCD              ADC_IRQHandler
  100 000000B8 00000000        DCD              Default_Handler



ARM Macro Assembler    Page 3 


  101 000000BC 00000000        DCD              RTC_IRQHandler
  102 000000C0         
  103 000000C0         
  104 000000C0                 AREA             |.text|, CODE, READONLY
  105 00000000         
  106 00000000         
  107 00000000         
  108 00000000         ; Reset Handler 
  109 00000000         
  110 00000000                 ENTRY
  111 00000000         
  112 00000000         Reset_Handler
                               PROC
  113 00000000                 EXPORT           Reset_Handler             [WEAK
]
  114 00000000                 IMPORT           SystemInit
  115 00000000                 IMPORT           __main
  116 00000000         
  117 00000000 4816            LDR              R0, =0x50000100
  118 00000002         ; Unlock Register                
  119 00000002         
  120 00000002 4917            LDR              R1, =0x59
  121 00000004 6001            STR              R1, [R0]
  122 00000006 4917            LDR              R1, =0x16
  123 00000008 6001            STR              R1, [R0]
  124 0000000A 4917            LDR              R1, =0x88
  125 0000000C 6001            STR              R1, [R0]
  126 0000000E         
  127 0000000E         ; Init POR
  128 0000000E 4A17            LDR              R2, =0x50000024
  129 00000010 4917            LDR              R1, =0x00005AA5
  130 00000012 6011            STR              R1, [R2]
  131 00000014         
  132 00000014         ; Lock register
  133 00000014 2100            MOVS             R1, #0
  134 00000016 6001            STR              R1, [R0]
  135 00000018         
  136 00000018 4816            LDR              R0, =SystemInit
  137 0000001A 4780            BLX              R0
  138 0000001C 4816            LDR              R0, =__main
  139 0000001E 4700            BX               R0
  140 00000020                 ENDP
  141 00000020         
  142 00000020         
  143 00000020         
  144 00000020         ; Dummy Exception Handlers (infinite loops which can be 
                       modified)                
  145 00000020         
  146 00000020         NMI_Handler
                               PROC
  147 00000020                 EXPORT           NMI_Handler               [WEAK
]
  148 00000020 E7FE            B                .
  149 00000022                 ENDP
  151 00000022         HardFault_Handler
                               PROC
  152 00000022                 EXPORT           HardFault_Handler         [WEAK
]
  153 00000022                 IF               SEMIHOSTED



ARM Macro Assembler    Page 4 


  154 00000022 9806            LDR              R0, [R13, #24] 
                                                            ; Get previous PC
  155 00000024 8801            LDRH             R1, [R0]    ; Get instruction
  156 00000026 4A15            LDR              R2, =0xBEAB ; The sepcial BKPT 
                                                            instruction
  157 00000028 4291            CMP              R1, R2      ; Test if the instr
                                                            uction at previous 
                                                            PC is BKPT
  158 0000002A D102            BNE              HardFault_Handler_Ret 
                                                            ; Not BKPT
  159 0000002C         
  160 0000002C 3004            ADDS             R0, #4      ; Skip BKPT and nex
                                                            t line
  161 0000002E 9006            STR              R0, [R13, #24] 
                                                            ; Save previous PC
  162 00000030         
  163 00000030 4770            BX               LR
  164 00000032         HardFault_Handler_Ret
  165 00000032                 ENDIF
  166 00000032         
  167 00000032 E7FE            B                .
  168 00000034                 ENDP
  169 00000034         SVC_Handler
                               PROC
  170 00000034                 EXPORT           SVC_Handler               [WEAK
]
  171 00000034 E7FE            B                .
  172 00000036                 ENDP
  173 00000036         PendSV_Handler
                               PROC
  174 00000036                 EXPORT           PendSV_Handler            [WEAK
]
  175 00000036 E7FE            B                .
  176 00000038                 ENDP
  177 00000038         SysTick_Handler
                               PROC
  178 00000038                 EXPORT           SysTick_Handler           [WEAK
]
  179 00000038 E7FE            B                .
  180 0000003A                 ENDP
  181 0000003A         
  182 0000003A         Default_Handler
                               PROC
  183 0000003A         
  184 0000003A                 EXPORT           BOD_IRQHandler            [WEAK
]
  185 0000003A                 EXPORT           WDT_IRQHandler            [WEAK
]
  186 0000003A                 EXPORT           EINT0_IRQHandler          [WEAK
]
  187 0000003A                 EXPORT           EINT1_IRQHandler          [WEAK
]
  188 0000003A                 EXPORT           GPIOP0P1_IRQHandler       [WEAK
]
  189 0000003A                 EXPORT           GPIOP2P3P4_IRQHandler     [WEAK
]
  190 0000003A                 EXPORT           PWMA_IRQHandler           [WEAK
]
  191 0000003A                 EXPORT           PWMB_IRQHandler           [WEAK



ARM Macro Assembler    Page 5 


]
  192 0000003A                 EXPORT           TMR0_IRQHandler           [WEAK
]
  193 0000003A                 EXPORT           TMR1_IRQHandler           [WEAK
]
  194 0000003A                 EXPORT           TMR2_IRQHandler           [WEAK
]
  195 0000003A                 EXPORT           TMR3_IRQHandler           [WEAK
]
  196 0000003A                 EXPORT           UART0_IRQHandler          [WEAK
]
  197 0000003A                 EXPORT           UART1_IRQHandler          [WEAK
]
  198 0000003A                 EXPORT           SPI0_IRQHandler           [WEAK
]
  199 0000003A                 EXPORT           SPI1_IRQHandler           [WEAK
]
  200 0000003A                 EXPORT           I2C0_IRQHandler           [WEAK
]
  201 0000003A                 EXPORT           I2C1_IRQHandler           [WEAK
]
  202 0000003A                 EXPORT           ACMP0_IRQHandler          [WEAK
]
  203 0000003A                 EXPORT           ACMP1_IRQHandler          [WEAK
]
  204 0000003A                 EXPORT           PWRWU_IRQHandler          [WEAK
]
  205 0000003A                 EXPORT           ADC_IRQHandler            [WEAK
]
  206 0000003A                 EXPORT           RTC_IRQHandler            [WEAK
]
  207 0000003A         
  208 0000003A         BOD_IRQHandler
  209 0000003A         WDT_IRQHandler
  210 0000003A         EINT0_IRQHandler
  211 0000003A         EINT1_IRQHandler
  212 0000003A         GPIOP0P1_IRQHandler
  213 0000003A         GPIOP2P3P4_IRQHandler
  214 0000003A         PWMA_IRQHandler
  215 0000003A         PWMB_IRQHandler
  216 0000003A         TMR0_IRQHandler
  217 0000003A         TMR1_IRQHandler
  218 0000003A         TMR2_IRQHandler
  219 0000003A         TMR3_IRQHandler
  220 0000003A         UART0_IRQHandler
  221 0000003A         UART1_IRQHandler
  222 0000003A         SPI0_IRQHandler
  223 0000003A         SPI1_IRQHandler
  224 0000003A         I2C0_IRQHandler
  225 0000003A         I2C1_IRQHandler
  226 0000003A         ACMP0_IRQHandler
  227 0000003A         ACMP1_IRQHandler
  228 0000003A         PWRWU_IRQHandler
  229 0000003A         ADC_IRQHandler
  230 0000003A         RTC_IRQHandler
  231 0000003A E7FE            B                .
  232 0000003C                 ENDP
  233 0000003C         
  234 0000003C         



ARM Macro Assembler    Page 6 


  235 0000003C                 ALIGN
  236 0000003C         
  237 0000003C         
  238 0000003C         ; User Initial Stack & Heap
  239 0000003C         
  240 0000003C                 IF               :DEF:__MICROLIB
  247 0000003C         
  248 0000003C                 IMPORT           __use_two_region_memory
  249 0000003C                 EXPORT           __user_initial_stackheap
  250 0000003C         __user_initial_stackheap
  251 0000003C         
  252 0000003C 4810            LDR              R0, =  Heap_Mem
  253 0000003E 4911            LDR              R1, = (Stack_Mem + Stack_Size)
  254 00000040 4A0F            LDR              R2, = (Heap_Mem +  Heap_Size)
  255 00000042 4B11            LDR              R3, = Stack_Mem
  256 00000044 4770            BX               LR
  257 00000046         
  258 00000046 00 00           ALIGN
  259 00000048         
  260 00000048                 ENDIF
  261 00000048                 IF               SEMIHOSTED
  262 00000048         
  263 00000048                 ALIGN
  264 00000048         
  265 00000048         ; int SH_DoCommand(int n32In_R0, int n32In_R1, int *pn32
                       Out_R0);
  266 00000048         ; Input
  267 00000048         ;   R0,n32In_R0: semihost register 0
  268 00000048         ;   R1,n32In_R1: semihost register 1
  269 00000048         ; Output
  270 00000048         ;   R2,*pn32Out_R0: semihost register 0
  271 00000048         ; Return
  272 00000048         ;   0: No ICE debug
  273 00000048         ;   1: ICE debug
  274 00000048         SH_DoCommand
  275 00000048                 EXPORT           SH_DoCommand
  276 00000048 BEAB            BKPT             0xAB        ; Wait ICE or HardF
                                                            ault
  277 0000004A         ; ICE will step over BKPT directly
  278 0000004A         ; HardFault will step BKPT and the next line
  279 0000004A E001            B                SH_ICE
  280 0000004C         SH_HardFault                         ; Captured by HardF
                                                            ault
  281 0000004C 2000            MOVS             R0, #0      ; Set return value 
                                                            to 0
  282 0000004E 4770            BX               lr          ; Return
  283 00000050         SH_ICE                               ; Captured by ICE
  284 00000050         ; Save return value
  285 00000050 2A00            CMP              R2, #0
  286 00000052 D000            BEQ              SH_End
  287 00000054 6010            STR              R0, [R2]    ; Save the return v
                                                            alue to *pn32Out_R0
                                                            
  288 00000056         SH_End
  289 00000056 2001            MOVS             R0, #1      ; Set return value 
                                                            to 1
  290 00000058 4770            BX               lr          ; Return
  291 0000005A         
  292 0000005A 00 00           ALIGN



ARM Macro Assembler    Page 7 


  293 0000005C                 ENDIF
  294 0000005C         
  295 0000005C         
  296 0000005C                 END
              50000100 
              00000059 
              00000016 
              00000088 
              50000024 
              00005AA5 
              00000000 
              00000000 
              0000BEAB 
              00000000 
              00000200 
              00000000 
Command Line: --16 --debug --xref --cpu=Cortex-M0 --apcs=interwork --depend=.\o
utput\startup_M051Series.d -o.\output\startup_M051Series.o -ID:\Keil\ARM\CMSIS\
Include -ID:\Keil\ARM\INC\Nuvoton --list=.\listing\startup_M051Series.lst ..\Li
bM051Series\CMSIS\CM0\DeviceSupport\Nuvoton\M051Series\startup\iar\startup_M051
Series.s



ARM Macro Assembler    Page 1 Alphabetic symbol ordering
Relocatable symbols

STACK 00000000

Symbol: STACK
   Definitions
      At line 26 in file ..\LibM051Series\CMSIS\CM0\DeviceSupport\Nuvoton\M051S
eries\startup\iar\startup_M051Series.s
   Uses
      None
Comment: STACK unused
Stack_Mem 00000000

Symbol: Stack_Mem
   Definitions
      At line 27 in file ..\LibM051Series\CMSIS\CM0\DeviceSupport\Nuvoton\M051S
eries\startup\iar\startup_M051Series.s
   Uses
      At line 253 in file ..\LibM051Series\CMSIS\CM0\DeviceSupport\Nuvoton\M051
Series\startup\iar\startup_M051Series.s
      At line 255 in file ..\LibM051Series\CMSIS\CM0\DeviceSupport\Nuvoton\M051
Series\startup\iar\startup_M051Series.s

__initial_sp 00000200

Symbol: __initial_sp
   Definitions
      At line 28 in file ..\LibM051Series\CMSIS\CM0\DeviceSupport\Nuvoton\M051S
eries\startup\iar\startup_M051Series.s
   Uses
      At line 51 in file ..\LibM051Series\CMSIS\CM0\DeviceSupport\Nuvoton\M051S
eries\startup\iar\startup_M051Series.s
Comment: __initial_sp used once
3 symbols



ARM Macro Assembler    Page 1 Alphabetic symbol ordering
Relocatable symbols

HEAP 00000000

Symbol: HEAP
   Definitions
      At line 37 in file ..\LibM051Series\CMSIS\CM0\DeviceSupport\Nuvoton\M051S
eries\startup\iar\startup_M051Series.s
   Uses
      None
Comment: HEAP unused
Heap_Mem 00000000

Symbol: Heap_Mem
   Definitions
      At line 39 in file ..\LibM051Series\CMSIS\CM0\DeviceSupport\Nuvoton\M051S
eries\startup\iar\startup_M051Series.s
   Uses
      At line 252 in file ..\LibM051Series\CMSIS\CM0\DeviceSupport\Nuvoton\M051
Series\startup\iar\startup_M051Series.s
      At line 254 in file ..\LibM051Series\CMSIS\CM0\DeviceSupport\Nuvoton\M051
Series\startup\iar\startup_M051Series.s

__heap_base 00000000

Symbol: __heap_base
   Definitions
      At line 38 in file ..\LibM051Series\CMSIS\CM0\DeviceSupport\Nuvoton\M051S
eries\startup\iar\startup_M051Series.s
   Uses
      None
Comment: __heap_base unused
__heap_limit 00000000

Symbol: __heap_limit
   Definitions
      At line 40 in file ..\LibM051Series\CMSIS\CM0\DeviceSupport\Nuvoton\M051S
eries\startup\iar\startup_M051Series.s
   Uses
      None
Comment: __heap_limit unused
4 symbols



ARM Macro Assembler    Page 1 Alphabetic symbol ordering
Relocatable symbols

RESET 00000000

Symbol: RESET
   Definitions
      At line 48 in file ..\LibM051Series\CMSIS\CM0\DeviceSupport\Nuvoton\M051S
eries\startup\iar\startup_M051Series.s
   Uses
      None
Comment: RESET unused
__Vectors 00000000

Symbol: __Vectors
   Definitions
      At line 51 in file ..\LibM051Series\CMSIS\CM0\DeviceSupport\Nuvoton\M051S
eries\startup\iar\startup_M051Series.s
   Uses
      At line 49 in file ..\LibM051Series\CMSIS\CM0\DeviceSupport\Nuvoton\M051S
eries\startup\iar\startup_M051Series.s
Comment: __Vectors used once
2 symbols



ARM Macro Assembler    Page 1 Alphabetic symbol ordering
Relocatable symbols

.text 00000000

Symbol: .text
   Definitions
      At line 104 in file ..\LibM051Series\CMSIS\CM0\DeviceSupport\Nuvoton\M051
Series\startup\iar\startup_M051Series.s
   Uses
      None
Comment: .text unused
ACMP0_IRQHandler 0000003A

Symbol: ACMP0_IRQHandler
   Definitions
      At line 226 in file ..\LibM051Series\CMSIS\CM0\DeviceSupport\Nuvoton\M051
Series\startup\iar\startup_M051Series.s
   Uses
      At line 95 in file ..\LibM051Series\CMSIS\CM0\DeviceSupport\Nuvoton\M051S
eries\startup\iar\startup_M051Series.s
      At line 202 in file ..\LibM051Series\CMSIS\CM0\DeviceSupport\Nuvoton\M051
Series\startup\iar\startup_M051Series.s

ACMP1_IRQHandler 0000003A

Symbol: ACMP1_IRQHandler
   Definitions
      At line 227 in file ..\LibM051Series\CMSIS\CM0\DeviceSupport\Nuvoton\M051
Series\startup\iar\startup_M051Series.s
   Uses
      At line 96 in file ..\LibM051Series\CMSIS\CM0\DeviceSupport\Nuvoton\M051S
eries\startup\iar\startup_M051Series.s
      At line 203 in file ..\LibM051Series\CMSIS\CM0\DeviceSupport\Nuvoton\M051
Series\startup\iar\startup_M051Series.s

ADC_IRQHandler 0000003A

Symbol: ADC_IRQHandler
   Definitions
      At line 229 in file ..\LibM051Series\CMSIS\CM0\DeviceSupport\Nuvoton\M051
Series\startup\iar\startup_M051Series.s
   Uses
      At line 99 in file ..\LibM051Series\CMSIS\CM0\DeviceSupport\Nuvoton\M051S
eries\startup\iar\startup_M051Series.s
      At line 205 in file ..\LibM051Series\CMSIS\CM0\DeviceSupport\Nuvoton\M051
Series\startup\iar\startup_M051Series.s

BOD_IRQHandler 0000003A

Symbol: BOD_IRQHandler
   Definitions
      At line 208 in file ..\LibM051Series\CMSIS\CM0\DeviceSupport\Nuvoton\M051
Series\startup\iar\startup_M051Series.s
   Uses
      At line 70 in file ..\LibM051Series\CMSIS\CM0\DeviceSupport\Nuvoton\M051S
eries\startup\iar\startup_M051Series.s
      At line 184 in file ..\LibM051Series\CMSIS\CM0\DeviceSupport\Nuvoton\M051
Series\startup\iar\startup_M051Series.s

Default_Handler 0000003A




ARM Macro Assembler    Page 2 Alphabetic symbol ordering
Relocatable symbols

Symbol: Default_Handler
   Definitions
      At line 182 in file ..\LibM051Series\CMSIS\CM0\DeviceSupport\Nuvoton\M051
Series\startup\iar\startup_M051Series.s
   Uses
      At line 86 in file ..\LibM051Series\CMSIS\CM0\DeviceSupport\Nuvoton\M051S
eries\startup\iar\startup_M051Series.s
      At line 87 in file ..\LibM051Series\CMSIS\CM0\DeviceSupport\Nuvoton\M051S
eries\startup\iar\startup_M051Series.s
      At line 90 in file ..\LibM051Series\CMSIS\CM0\DeviceSupport\Nuvoton\M051S
eries\startup\iar\startup_M051Series.s
      At line 91 in file ..\LibM051Series\CMSIS\CM0\DeviceSupport\Nuvoton\M051S
eries\startup\iar\startup_M051Series.s
      At line 92 in file ..\LibM051Series\CMSIS\CM0\DeviceSupport\Nuvoton\M051S
eries\startup\iar\startup_M051Series.s
      At line 93 in file ..\LibM051Series\CMSIS\CM0\DeviceSupport\Nuvoton\M051S
eries\startup\iar\startup_M051Series.s
      At line 94 in file ..\LibM051Series\CMSIS\CM0\DeviceSupport\Nuvoton\M051S
eries\startup\iar\startup_M051Series.s
      At line 97 in file ..\LibM051Series\CMSIS\CM0\DeviceSupport\Nuvoton\M051S
eries\startup\iar\startup_M051Series.s
      At line 100 in file ..\LibM051Series\CMSIS\CM0\DeviceSupport\Nuvoton\M051
Series\startup\iar\startup_M051Series.s

EINT0_IRQHandler 0000003A

Symbol: EINT0_IRQHandler
   Definitions
      At line 210 in file ..\LibM051Series\CMSIS\CM0\DeviceSupport\Nuvoton\M051
Series\startup\iar\startup_M051Series.s
   Uses
      At line 72 in file ..\LibM051Series\CMSIS\CM0\DeviceSupport\Nuvoton\M051S
eries\startup\iar\startup_M051Series.s
      At line 186 in file ..\LibM051Series\CMSIS\CM0\DeviceSupport\Nuvoton\M051
Series\startup\iar\startup_M051Series.s

EINT1_IRQHandler 0000003A

Symbol: EINT1_IRQHandler
   Definitions
      At line 211 in file ..\LibM051Series\CMSIS\CM0\DeviceSupport\Nuvoton\M051
Series\startup\iar\startup_M051Series.s
   Uses
      At line 73 in file ..\LibM051Series\CMSIS\CM0\DeviceSupport\Nuvoton\M051S
eries\startup\iar\startup_M051Series.s
      At line 187 in file ..\LibM051Series\CMSIS\CM0\DeviceSupport\Nuvoton\M051
Series\startup\iar\startup_M051Series.s

GPIOP0P1_IRQHandler 0000003A

Symbol: GPIOP0P1_IRQHandler
   Definitions
      At line 212 in file ..\LibM051Series\CMSIS\CM0\DeviceSupport\Nuvoton\M051
Series\startup\iar\startup_M051Series.s
   Uses
      At line 74 in file ..\LibM051Series\CMSIS\CM0\DeviceSupport\Nuvoton\M051S
eries\startup\iar\startup_M051Series.s
      At line 188 in file ..\LibM051Series\CMSIS\CM0\DeviceSupport\Nuvoton\M051
Series\startup\iar\startup_M051Series.s



ARM Macro Assembler    Page 3 Alphabetic symbol ordering
Relocatable symbols


GPIOP2P3P4_IRQHandler 0000003A

Symbol: GPIOP2P3P4_IRQHandler
   Definitions
      At line 213 in file ..\LibM051Series\CMSIS\CM0\DeviceSupport\Nuvoton\M051
Series\startup\iar\startup_M051Series.s
   Uses
      At line 75 in file ..\LibM051Series\CMSIS\CM0\DeviceSupport\Nuvoton\M051S
eries\startup\iar\startup_M051Series.s
      At line 189 in file ..\LibM051Series\CMSIS\CM0\DeviceSupport\Nuvoton\M051
Series\startup\iar\startup_M051Series.s

HardFault_Handler 00000022

Symbol: HardFault_Handler
   Definitions
      At line 151 in file ..\LibM051Series\CMSIS\CM0\DeviceSupport\Nuvoton\M051
Series\startup\iar\startup_M051Series.s
   Uses
      At line 54 in file ..\LibM051Series\CMSIS\CM0\DeviceSupport\Nuvoton\M051S
eries\startup\iar\startup_M051Series.s
      At line 152 in file ..\LibM051Series\CMSIS\CM0\DeviceSupport\Nuvoton\M051
Series\startup\iar\startup_M051Series.s

HardFault_Handler_Ret 00000032

Symbol: HardFault_Handler_Ret
   Definitions
      At line 164 in file ..\LibM051Series\CMSIS\CM0\DeviceSupport\Nuvoton\M051
Series\startup\iar\startup_M051Series.s
   Uses
      At line 158 in file ..\LibM051Series\CMSIS\CM0\DeviceSupport\Nuvoton\M051
Series\startup\iar\startup_M051Series.s
Comment: HardFault_Handler_Ret used once
I2C0_IRQHandler 0000003A

Symbol: I2C0_IRQHandler
   Definitions
      At line 224 in file ..\LibM051Series\CMSIS\CM0\DeviceSupport\Nuvoton\M051
Series\startup\iar\startup_M051Series.s
   Uses
      At line 88 in file ..\LibM051Series\CMSIS\CM0\DeviceSupport\Nuvoton\M051S
eries\startup\iar\startup_M051Series.s
      At line 200 in file ..\LibM051Series\CMSIS\CM0\DeviceSupport\Nuvoton\M051
Series\startup\iar\startup_M051Series.s

I2C1_IRQHandler 0000003A

Symbol: I2C1_IRQHandler
   Definitions
      At line 225 in file ..\LibM051Series\CMSIS\CM0\DeviceSupport\Nuvoton\M051
Series\startup\iar\startup_M051Series.s
   Uses
      At line 89 in file ..\LibM051Series\CMSIS\CM0\DeviceSupport\Nuvoton\M051S
eries\startup\iar\startup_M051Series.s
      At line 201 in file ..\LibM051Series\CMSIS\CM0\DeviceSupport\Nuvoton\M051
Series\startup\iar\startup_M051Series.s




ARM Macro Assembler    Page 4 Alphabetic symbol ordering
Relocatable symbols

NMI_Handler 00000020

Symbol: NMI_Handler
   Definitions
      At line 146 in file ..\LibM051Series\CMSIS\CM0\DeviceSupport\Nuvoton\M051
Series\startup\iar\startup_M051Series.s
   Uses
      At line 53 in file ..\LibM051Series\CMSIS\CM0\DeviceSupport\Nuvoton\M051S
eries\startup\iar\startup_M051Series.s
      At line 147 in file ..\LibM051Series\CMSIS\CM0\DeviceSupport\Nuvoton\M051
Series\startup\iar\startup_M051Series.s

PWMA_IRQHandler 0000003A

Symbol: PWMA_IRQHandler
   Definitions
      At line 214 in file ..\LibM051Series\CMSIS\CM0\DeviceSupport\Nuvoton\M051
Series\startup\iar\startup_M051Series.s
   Uses
      At line 76 in file ..\LibM051Series\CMSIS\CM0\DeviceSupport\Nuvoton\M051S
eries\startup\iar\startup_M051Series.s
      At line 190 in file ..\LibM051Series\CMSIS\CM0\DeviceSupport\Nuvoton\M051
Series\startup\iar\startup_M051Series.s

PWMB_IRQHandler 0000003A

Symbol: PWMB_IRQHandler
   Definitions
      At line 215 in file ..\LibM051Series\CMSIS\CM0\DeviceSupport\Nuvoton\M051
Series\startup\iar\startup_M051Series.s
   Uses
      At line 77 in file ..\LibM051Series\CMSIS\CM0\DeviceSupport\Nuvoton\M051S
eries\startup\iar\startup_M051Series.s
      At line 191 in file ..\LibM051Series\CMSIS\CM0\DeviceSupport\Nuvoton\M051
Series\startup\iar\startup_M051Series.s

PWRWU_IRQHandler 0000003A

Symbol: PWRWU_IRQHandler
   Definitions
      At line 228 in file ..\LibM051Series\CMSIS\CM0\DeviceSupport\Nuvoton\M051
Series\startup\iar\startup_M051Series.s
   Uses
      At line 98 in file ..\LibM051Series\CMSIS\CM0\DeviceSupport\Nuvoton\M051S
eries\startup\iar\startup_M051Series.s
      At line 204 in file ..\LibM051Series\CMSIS\CM0\DeviceSupport\Nuvoton\M051
Series\startup\iar\startup_M051Series.s

PendSV_Handler 00000036

Symbol: PendSV_Handler
   Definitions
      At line 173 in file ..\LibM051Series\CMSIS\CM0\DeviceSupport\Nuvoton\M051
Series\startup\iar\startup_M051Series.s
   Uses
      At line 65 in file ..\LibM051Series\CMSIS\CM0\DeviceSupport\Nuvoton\M051S
eries\startup\iar\startup_M051Series.s
      At line 174 in file ..\LibM051Series\CMSIS\CM0\DeviceSupport\Nuvoton\M051
Series\startup\iar\startup_M051Series.s



ARM Macro Assembler    Page 5 Alphabetic symbol ordering
Relocatable symbols


RTC_IRQHandler 0000003A

Symbol: RTC_IRQHandler
   Definitions
      At line 230 in file ..\LibM051Series\CMSIS\CM0\DeviceSupport\Nuvoton\M051
Series\startup\iar\startup_M051Series.s
   Uses
      At line 101 in file ..\LibM051Series\CMSIS\CM0\DeviceSupport\Nuvoton\M051
Series\startup\iar\startup_M051Series.s
      At line 206 in file ..\LibM051Series\CMSIS\CM0\DeviceSupport\Nuvoton\M051
Series\startup\iar\startup_M051Series.s

Reset_Handler 00000000

Symbol: Reset_Handler
   Definitions
      At line 112 in file ..\LibM051Series\CMSIS\CM0\DeviceSupport\Nuvoton\M051
Series\startup\iar\startup_M051Series.s
   Uses
      At line 52 in file ..\LibM051Series\CMSIS\CM0\DeviceSupport\Nuvoton\M051S
eries\startup\iar\startup_M051Series.s
      At line 113 in file ..\LibM051Series\CMSIS\CM0\DeviceSupport\Nuvoton\M051
Series\startup\iar\startup_M051Series.s

SH_DoCommand 00000048

Symbol: SH_DoCommand
   Definitions
      At line 274 in file ..\LibM051Series\CMSIS\CM0\DeviceSupport\Nuvoton\M051
Series\startup\iar\startup_M051Series.s
   Uses
      At line 275 in file ..\LibM051Series\CMSIS\CM0\DeviceSupport\Nuvoton\M051
Series\startup\iar\startup_M051Series.s
Comment: SH_DoCommand used once
SH_End 00000056

Symbol: SH_End
   Definitions
      At line 288 in file ..\LibM051Series\CMSIS\CM0\DeviceSupport\Nuvoton\M051
Series\startup\iar\startup_M051Series.s
   Uses
      At line 286 in file ..\LibM051Series\CMSIS\CM0\DeviceSupport\Nuvoton\M051
Series\startup\iar\startup_M051Series.s
Comment: SH_End used once
SH_HardFault 0000004C

Symbol: SH_HardFault
   Definitions
      At line 280 in file ..\LibM051Series\CMSIS\CM0\DeviceSupport\Nuvoton\M051
Series\startup\iar\startup_M051Series.s
   Uses
      None
Comment: SH_HardFault unused
SH_ICE 00000050

Symbol: SH_ICE
   Definitions
      At line 283 in file ..\LibM051Series\CMSIS\CM0\DeviceSupport\Nuvoton\M051



ARM Macro Assembler    Page 6 Alphabetic symbol ordering
Relocatable symbols

Series\startup\iar\startup_M051Series.s
   Uses
      At line 279 in file ..\LibM051Series\CMSIS\CM0\DeviceSupport\Nuvoton\M051
Series\startup\iar\startup_M051Series.s
Comment: SH_ICE used once
SPI0_IRQHandler 0000003A

Symbol: SPI0_IRQHandler
   Definitions
      At line 222 in file ..\LibM051Series\CMSIS\CM0\DeviceSupport\Nuvoton\M051
Series\startup\iar\startup_M051Series.s
   Uses
      At line 84 in file ..\LibM051Series\CMSIS\CM0\DeviceSupport\Nuvoton\M051S
eries\startup\iar\startup_M051Series.s
      At line 198 in file ..\LibM051Series\CMSIS\CM0\DeviceSupport\Nuvoton\M051
Series\startup\iar\startup_M051Series.s

SPI1_IRQHandler 0000003A

Symbol: SPI1_IRQHandler
   Definitions
      At line 223 in file ..\LibM051Series\CMSIS\CM0\DeviceSupport\Nuvoton\M051
Series\startup\iar\startup_M051Series.s
   Uses
      At line 85 in file ..\LibM051Series\CMSIS\CM0\DeviceSupport\Nuvoton\M051S
eries\startup\iar\startup_M051Series.s
      At line 199 in file ..\LibM051Series\CMSIS\CM0\DeviceSupport\Nuvoton\M051
Series\startup\iar\startup_M051Series.s

SVC_Handler 00000034

Symbol: SVC_Handler
   Definitions
      At line 169 in file ..\LibM051Series\CMSIS\CM0\DeviceSupport\Nuvoton\M051
Series\startup\iar\startup_M051Series.s
   Uses
      At line 62 in file ..\LibM051Series\CMSIS\CM0\DeviceSupport\Nuvoton\M051S
eries\startup\iar\startup_M051Series.s
      At line 170 in file ..\LibM051Series\CMSIS\CM0\DeviceSupport\Nuvoton\M051
Series\startup\iar\startup_M051Series.s

SysTick_Handler 00000038

Symbol: SysTick_Handler
   Definitions
      At line 177 in file ..\LibM051Series\CMSIS\CM0\DeviceSupport\Nuvoton\M051
Series\startup\iar\startup_M051Series.s
   Uses
      At line 66 in file ..\LibM051Series\CMSIS\CM0\DeviceSupport\Nuvoton\M051S
eries\startup\iar\startup_M051Series.s
      At line 178 in file ..\LibM051Series\CMSIS\CM0\DeviceSupport\Nuvoton\M051
Series\startup\iar\startup_M051Series.s

TMR0_IRQHandler 0000003A

Symbol: TMR0_IRQHandler
   Definitions
      At line 216 in file ..\LibM051Series\CMSIS\CM0\DeviceSupport\Nuvoton\M051
Series\startup\iar\startup_M051Series.s



ARM Macro Assembler    Page 7 Alphabetic symbol ordering
Relocatable symbols

   Uses
      At line 78 in file ..\LibM051Series\CMSIS\CM0\DeviceSupport\Nuvoton\M051S
eries\startup\iar\startup_M051Series.s
      At line 192 in file ..\LibM051Series\CMSIS\CM0\DeviceSupport\Nuvoton\M051
Series\startup\iar\startup_M051Series.s

TMR1_IRQHandler 0000003A

Symbol: TMR1_IRQHandler
   Definitions
      At line 217 in file ..\LibM051Series\CMSIS\CM0\DeviceSupport\Nuvoton\M051
Series\startup\iar\startup_M051Series.s
   Uses
      At line 79 in file ..\LibM051Series\CMSIS\CM0\DeviceSupport\Nuvoton\M051S
eries\startup\iar\startup_M051Series.s
      At line 193 in file ..\LibM051Series\CMSIS\CM0\DeviceSupport\Nuvoton\M051
Series\startup\iar\startup_M051Series.s

TMR2_IRQHandler 0000003A

Symbol: TMR2_IRQHandler
   Definitions
      At line 218 in file ..\LibM051Series\CMSIS\CM0\DeviceSupport\Nuvoton\M051
Series\startup\iar\startup_M051Series.s
   Uses
      At line 80 in file ..\LibM051Series\CMSIS\CM0\DeviceSupport\Nuvoton\M051S
eries\startup\iar\startup_M051Series.s
      At line 194 in file ..\LibM051Series\CMSIS\CM0\DeviceSupport\Nuvoton\M051
Series\startup\iar\startup_M051Series.s

TMR3_IRQHandler 0000003A

Symbol: TMR3_IRQHandler
   Definitions
      At line 219 in file ..\LibM051Series\CMSIS\CM0\DeviceSupport\Nuvoton\M051
Series\startup\iar\startup_M051Series.s
   Uses
      At line 81 in file ..\LibM051Series\CMSIS\CM0\DeviceSupport\Nuvoton\M051S
eries\startup\iar\startup_M051Series.s
      At line 195 in file ..\LibM051Series\CMSIS\CM0\DeviceSupport\Nuvoton\M051
Series\startup\iar\startup_M051Series.s

UART0_IRQHandler 0000003A

Symbol: UART0_IRQHandler
   Definitions
      At line 220 in file ..\LibM051Series\CMSIS\CM0\DeviceSupport\Nuvoton\M051
Series\startup\iar\startup_M051Series.s
   Uses
      At line 82 in file ..\LibM051Series\CMSIS\CM0\DeviceSupport\Nuvoton\M051S
eries\startup\iar\startup_M051Series.s
      At line 196 in file ..\LibM051Series\CMSIS\CM0\DeviceSupport\Nuvoton\M051
Series\startup\iar\startup_M051Series.s

UART1_IRQHandler 0000003A

Symbol: UART1_IRQHandler
   Definitions
      At line 221 in file ..\LibM051Series\CMSIS\CM0\DeviceSupport\Nuvoton\M051



ARM Macro Assembler    Page 8 Alphabetic symbol ordering
Relocatable symbols

Series\startup\iar\startup_M051Series.s
   Uses
      At line 83 in file ..\LibM051Series\CMSIS\CM0\DeviceSupport\Nuvoton\M051S
eries\startup\iar\startup_M051Series.s
      At line 197 in file ..\LibM051Series\CMSIS\CM0\DeviceSupport\Nuvoton\M051
Series\startup\iar\startup_M051Series.s

WDT_IRQHandler 0000003A

Symbol: WDT_IRQHandler
   Definitions
      At line 209 in file ..\LibM051Series\CMSIS\CM0\DeviceSupport\Nuvoton\M051
Series\startup\iar\startup_M051Series.s
   Uses
      At line 71 in file ..\LibM051Series\CMSIS\CM0\DeviceSupport\Nuvoton\M051S
eries\startup\iar\startup_M051Series.s
      At line 185 in file ..\LibM051Series\CMSIS\CM0\DeviceSupport\Nuvoton\M051
Series\startup\iar\startup_M051Series.s

__user_initial_stackheap 0000003C

Symbol: __user_initial_stackheap
   Definitions
      At line 250 in file ..\LibM051Series\CMSIS\CM0\DeviceSupport\Nuvoton\M051
Series\startup\iar\startup_M051Series.s
   Uses
      At line 249 in file ..\LibM051Series\CMSIS\CM0\DeviceSupport\Nuvoton\M051
Series\startup\iar\startup_M051Series.s
Comment: __user_initial_stackheap used once
37 symbols



ARM Macro Assembler    Page 1 Alphabetic symbol ordering
Absolute symbols

Heap_Size 00000000

Symbol: Heap_Size
   Definitions
      At line 35 in file ..\LibM051Series\CMSIS\CM0\DeviceSupport\Nuvoton\M051S
eries\startup\iar\startup_M051Series.s
   Uses
      At line 39 in file ..\LibM051Series\CMSIS\CM0\DeviceSupport\Nuvoton\M051S
eries\startup\iar\startup_M051Series.s
      At line 254 in file ..\LibM051Series\CMSIS\CM0\DeviceSupport\Nuvoton\M051
Series\startup\iar\startup_M051Series.s

Stack_Size 00000200

Symbol: Stack_Size
   Definitions
      At line 24 in file ..\LibM051Series\CMSIS\CM0\DeviceSupport\Nuvoton\M051S
eries\startup\iar\startup_M051Series.s
   Uses
      At line 27 in file ..\LibM051Series\CMSIS\CM0\DeviceSupport\Nuvoton\M051S
eries\startup\iar\startup_M051Series.s
      At line 253 in file ..\LibM051Series\CMSIS\CM0\DeviceSupport\Nuvoton\M051
Series\startup\iar\startup_M051Series.s

2 symbols



ARM Macro Assembler    Page 1 Alphabetic symbol ordering
External symbols

SystemInit 00000000

Symbol: SystemInit
   Definitions
      At line 114 in file ..\LibM051Series\CMSIS\CM0\DeviceSupport\Nuvoton\M051
Series\startup\iar\startup_M051Series.s
   Uses
      At line 136 in file ..\LibM051Series\CMSIS\CM0\DeviceSupport\Nuvoton\M051
Series\startup\iar\startup_M051Series.s
Comment: SystemInit used once
__main 00000000

Symbol: __main
   Definitions
      At line 115 in file ..\LibM051Series\CMSIS\CM0\DeviceSupport\Nuvoton\M051
Series\startup\iar\startup_M051Series.s
   Uses
      At line 138 in file ..\LibM051Series\CMSIS\CM0\DeviceSupport\Nuvoton\M051
Series\startup\iar\startup_M051Series.s
Comment: __main used once
__use_two_region_memory 00000000

Symbol: __use_two_region_memory
   Definitions
      At line 248 in file ..\LibM051Series\CMSIS\CM0\DeviceSupport\Nuvoton\M051
Series\startup\iar\startup_M051Series.s
   Uses
      None
Comment: __use_two_region_memory unused
3 symbols
386 symbols in table
